2021-06-09T17:58:12.555Z - debug: /._ Tree.exists.fs.stat
2021-06-09T17:58:12.561Z - debug: /DCIM Tree.exists.fs.stat
2021-06-09T17:58:12.562Z - debug: /.metadata_never_index_unless_rootfs Tree.exists.fs.stat
2021-06-09T17:58:12.564Z - debug: /.metadata_never_index Tree.exists.fs.stat
2021-06-09T17:58:12.565Z - debug: /.Spotlight-V100 Tree.exists.fs.stat
2021-06-09T17:58:12.572Z - debug: /.DS_Store Tree.exists.fs.stat
2021-06-09T17:58:12.585Z - debug: /* Tree.list.fs.readdir
2021-06-09T17:58:12.716Z - debug: /.DS_Store Tree.createFile.fs.open
2021-06-09T17:58:12.717Z - debug: /.DS_Store Tree.createFile.fs.close
2021-06-09T17:58:12.720Z - debug: /._.DS_Store Tree.exists.fs.stat
2021-06-09T17:58:12.722Z - debug: /.DS_Store Tree.exists.fs.stat
2021-06-09T17:58:12.726Z - debug: /.DS_Store Tree.exists.fs.stat
2021-06-09T17:58:12.729Z - debug: /._.DS_Store Tree.exists.fs.stat
2021-06-09T17:58:12.730Z - debug: /._.DS_Store Tree.exists.fs.stat
2021-06-09T17:58:12.731Z - debug: /._.DS_Store Tree.createFile.fs.open
2021-06-09T17:58:12.732Z - debug: /._.DS_Store Tree.createFile.fs.close
2021-06-09T17:58:12.736Z - debug: /._.DS_Store Tree.exists.fs.stat
2021-06-09T17:58:12.740Z - debug: /._.DS_Store File.write.fs.write 4096
2021-06-09T17:58:12.742Z - debug: /._.DS_Store File.close.fs.close
2021-06-09T17:58:12.742Z - debug: /._.DS_Store File.setLength.fs.truncate 4096
2021-06-09T17:58:12.743Z - debug: /._.DS_Store File.refreshStats.fs.stat
2021-06-09T17:58:12.747Z - debug: /._.DS_Store Tree.exists.fs.stat
2021-06-09T17:58:12.751Z - debug: /.DS_Store Tree.exists.fs.stat
2021-06-09T17:58:12.754Z - debug: /.DS_Store File.setLength.fs.truncate 0
2021-06-09T17:58:12.754Z - debug: /.DS_Store File.refreshStats.fs.stat
2021-06-09T17:58:12.755Z - debug: /.DS_Store Tree.exists.fs.stat
2021-06-09T17:58:12.756Z - debug: /.DS_Store File.write.fs.write 4
2021-06-09T17:58:12.757Z - debug: /.DS_Store File.write.fs.write 6144
2021-06-09T17:58:12.758Z - debug: /.DS_Store File.close.fs.close
2021-06-09T17:58:12.759Z - debug: /.DS_Store File.setLength.fs.truncate 6148
2021-06-09T17:58:12.759Z - debug: /.DS_Store File.refreshStats.fs.stat
2021-06-09T17:58:12.763Z - debug: /.DS_Store Tree.exists.fs.stat
2021-06-09T17:58:12.764Z - debug: /.DS_Store Tree.exists.fs.stat
2021-06-09T17:58:12.767Z - debug: /._ Tree.exists.fs.stat
2021-06-09T17:58:13.079Z - debug: /* Tree.list.fs.readdir
2021-06-09T17:58:13.081Z - debug: /._.DS_Store Tree.exists.fs.stat
2021-06-09T17:58:13.082Z - debug: /._.DS_Store Tree.exists.fs.stat
2021-06-09T17:58:13.085Z - debug: /._.DS_Store Tree.exists.fs.stat
2021-06-09T17:58:13.086Z - debug: /._.DS_Store Tree.exists.fs.stat
2021-06-09T17:58:13.090Z - debug: /._.DS_Store Tree.exists.fs.stat
2021-06-09T17:58:18.081Z - debug: /._ Tree.exists.fs.stat
2021-06-09T17:58:18.083Z - debug: /* Tree.list.fs.readdir
2021-06-09T17:58:18.085Z - debug: /.DS_Store Tree.exists.fs.stat
2021-06-09T17:58:18.087Z - debug: /._.DS_Store Tree.exists.fs.stat
2021-06-09T17:58:18.088Z - debug: /._.DS_Store Tree.exists.fs.stat
2021-06-09T17:58:18.091Z - debug: /._.DS_Store Tree.exists.fs.stat
2021-06-09T17:58:18.092Z - debug: /._.DS_Store Tree.exists.fs.stat
2021-06-09T17:58:18.096Z - debug: /._.DS_Store Tree.exists.fs.stat
2021-06-09T17:58:23.800Z - debug: /.DS_Store Tree.exists.fs.stat
2021-06-09T17:58:23.805Z - debug: /._.DS_Store Tree.exists.fs.stat
2021-06-09T17:58:23.806Z - debug: /._.DS_Store Tree.exists.fs.stat
2021-06-09T17:58:23.809Z - debug: /._.DS_Store Tree.exists.fs.stat
2021-06-09T17:58:23.811Z - debug: /._.DS_Store Tree.exists.fs.stat
2021-06-09T17:58:23.815Z - debug: /._.DS_Store Tree.exists.fs.stat
2021-06-09T17:58:23.817Z - debug: /.DS_Store Tree.exists.fs.stat
2021-06-09T17:58:23.820Z - debug: /.DS_Store File.setLength.fs.truncate 0
2021-06-09T17:58:23.820Z - debug: /.DS_Store File.refreshStats.fs.stat
2021-06-09T17:58:23.822Z - debug: /.DS_Store Tree.exists.fs.stat
2021-06-09T17:58:23.825Z - debug: /.DS_Store File.write.fs.write 4
2021-06-09T17:58:23.827Z - debug: /.DS_Store File.write.fs.write 6144
2021-06-09T17:58:23.828Z - debug: /.DS_Store File.close.fs.close
2021-06-09T17:58:23.828Z - debug: /.DS_Store File.setLength.fs.truncate 6148
2021-06-09T17:58:23.828Z - debug: /.DS_Store File.refreshStats.fs.stat
2021-06-09T17:58:23.829Z - debug: /.DS_Store Tree.exists.fs.stat
2021-06-09T17:58:23.833Z - debug: /* Tree.list.fs.readdir
2021-06-09T17:58:23.834Z - debug: /._.DS_Store Tree.exists.fs.stat
2021-06-09T17:58:23.837Z - debug: /._.DS_Store Tree.exists.fs.stat
2021-06-09T17:58:23.838Z - debug: /._.DS_Store Tree.exists.fs.stat
2021-06-09T17:58:23.842Z - debug: /._.DS_Store Tree.exists.fs.stat
2021-06-09T17:58:24.333Z - debug: /* Tree.list.fs.readdir
2021-06-09T17:58:24.335Z - debug: /._.DS_Store Tree.exists.fs.stat
2021-06-09T17:58:24.338Z - debug: /._.DS_Store Tree.exists.fs.stat
2021-06-09T17:58:24.339Z - debug: /._.DS_Store Tree.exists.fs.stat
2021-06-09T17:58:24.343Z - debug: /._.DS_Store Tree.exists.fs.stat
2021-06-09T17:58:28.866Z - debug: /._ Tree.exists.fs.stat
2021-06-09T17:58:28.903Z - debug: /* Tree.list.fs.readdir
2021-06-09T17:58:28.905Z - debug: /.DS_Store Tree.exists.fs.stat
2021-06-09T17:58:28.906Z - debug: /._.DS_Store Tree.exists.fs.stat
2021-06-09T17:58:28.908Z - debug: /._.DS_Store Tree.exists.fs.stat
2021-06-09T17:58:28.910Z - debug: /._.DS_Store Tree.exists.fs.stat
2021-06-09T17:58:28.911Z - debug: /._.DS_Store Tree.exists.fs.stat
2021-06-09T17:58:28.915Z - debug: /._.DS_Store Tree.exists.fs.stat
